21:50:18 INFO  : Launching XSCT server: xsct.bat -n  -interactive C:\Users\alex_\OneDrive\Documents\520_Lab\ECE_Lab11_part1\software\lwip_1\temp_xsdb_launch_script.tcl
21:50:18 INFO  : Registering command handlers for Vitis TCF services
21:50:18 INFO  : Platform repository initialization has completed.
21:50:21 INFO  : XSCT server has started successfully.
21:50:21 INFO  : plnx-install-location is set to ''
21:50:21 INFO  : Successfully done setting XSCT server connection channel  
21:50:21 INFO  : Successfully done query RDI_DATADIR 
21:50:21 INFO  : Successfully done setting workspace for the tool. 
21:53:33 INFO  : Result from executing command 'getProjects': webserver_fw_wrapper
21:53:33 INFO  : Result from executing command 'getPlatforms': 
21:53:34 WARN  : An unexpected exception occurred in the module 'platform project logging'
21:53:34 INFO  : Platform 'webserver_fw_wrapper' is added to custom repositories.
21:54:02 INFO  : Platform 'webserver_fw_wrapper' is added to custom repositories.
22:00:48 INFO  : Result from executing command 'getProjects': webserver_fw_wrapper
22:00:48 INFO  : Result from executing command 'getPlatforms': webserver_fw_wrapper|C:/Users/alex_/OneDrive/Documents/520_Lab/ECE_Lab11_part1/software/lwip_1/webserver_fw_wrapper/export/webserver_fw_wrapper/webserver_fw_wrapper.xpfm
22:00:49 INFO  : Checking for BSP changes to sync application flags for project 'webserver'...
22:02:58 INFO  : Connected to target on host '127.0.0.1' and port '3121'.
22:02:58 INFO  : Jtag cable 'Digilent Zybo Z7 210351AF2517A' is selected.
22:02:59 INFO  : 'jtag frequency' command is executed.
22:02:59 INFO  : Context for 'APU' is selected.
22:02:59 INFO  : System reset is completed.
22:03:02 INFO  : 'after 3000' command is executed.
22:03:02 INFO  : 'targets -set -filter {jtag_cable_name =~ "Digilent Zybo Z7 210351AF2517A" && level==0 && jtag_device_ctx=="jsn-Zybo Z7-210351AF2517A-13722093-0"}' command is executed.
22:03:03 INFO  : Device configured successfully with "C:/Users/alex_/OneDrive/Documents/520_Lab/ECE_Lab11_part1/software/lwip_1/webserver/_ide/bitstream/webserver_fw_wrapper.bit"
22:03:03 INFO  : Context for 'APU' is selected.
22:03:03 INFO  : Hardware design and registers information is loaded from 'C:/Users/alex_/OneDrive/Documents/520_Lab/ECE_Lab11_part1/software/lwip_1/webserver_fw_wrapper/export/webserver_fw_wrapper/hw/webserver_fw_wrapper.xsa'.
22:03:03 INFO  : 'configparams force-mem-access 1' command is executed.
22:03:03 INFO  : Context for 'APU' is selected.
22:03:03 INFO  : Sourcing of 'C:/Users/alex_/OneDrive/Documents/520_Lab/ECE_Lab11_part1/software/lwip_1/webserver/_ide/psinit/ps7_init.tcl' is done.
22:03:05 INFO  : 'ps7_init' command is executed.
22:03:05 INFO  : 'ps7_post_config' command is executed.
22:03:05 INFO  : Context for processor 'ps7_cortexa9_0' is selected.
22:03:06 INFO  : The application 'C:/Users/alex_/OneDrive/Documents/520_Lab/ECE_Lab11_part1/software/lwip_1/webserver/Debug/webserver.elf' is downloaded to processor 'ps7_cortexa9_0'.
22:03:06 INFO  : 'configparams force-mem-access 0' command is executed.
22:03:06 INFO  : ----------------XSDB Script----------------
connect -url tcp:127.0.0.1:3121
targets -set -nocase -filter {name =~"APU*"}
rst -system
after 3000
targets -set -filter {jtag_cable_name =~ "Digilent Zybo Z7 210351AF2517A" && level==0 && jtag_device_ctx=="jsn-Zybo Z7-210351AF2517A-13722093-0"}
fpga -file C:/Users/alex_/OneDrive/Documents/520_Lab/ECE_Lab11_part1/software/lwip_1/webserver/_ide/bitstream/webserver_fw_wrapper.bit
targets -set -nocase -filter {name =~"APU*"}
loadhw -hw C:/Users/alex_/OneDrive/Documents/520_Lab/ECE_Lab11_part1/software/lwip_1/webserver_fw_wrapper/export/webserver_fw_wrapper/hw/webserver_fw_wrapper.xsa -mem-ranges [list {0x40000000 0xbfffffff}] -regs
configparams force-mem-access 1
targets -set -nocase -filter {name =~"APU*"}
source C:/Users/alex_/OneDrive/Documents/520_Lab/ECE_Lab11_part1/software/lwip_1/webserver/_ide/psinit/ps7_init.tcl
ps7_init
ps7_post_config
targets -set -nocase -filter {name =~ "*A9*#0"}
dow C:/Users/alex_/OneDrive/Documents/520_Lab/ECE_Lab11_part1/software/lwip_1/webserver/Debug/webserver.elf
configparams force-mem-access 0
----------------End of Script----------------

22:03:06 INFO  : Context for processor 'ps7_cortexa9_0' is selected.
22:03:06 INFO  : 'con' command is executed.
22:03:06 INFO  : ----------------XSDB Script (After Launch)----------------
targets -set -nocase -filter {name =~ "*A9*#0"}
con
----------------End of Script----------------

22:03:06 INFO  : Disconnected from the channel tcfchan#2.
22:21:29 INFO  : Connected to target on host '127.0.0.1' and port '3121'.
22:21:30 INFO  : Jtag cable 'Digilent Zybo Z7 210351AF2517A' is selected.
22:21:30 INFO  : 'jtag frequency' command is executed.
22:21:30 INFO  : Context for 'APU' is selected.
22:21:30 INFO  : System reset is completed.
22:21:33 INFO  : 'after 3000' command is executed.
22:21:33 INFO  : 'targets -set -filter {jtag_cable_name =~ "Digilent Zybo Z7 210351AF2517A" && level==0 && jtag_device_ctx=="jsn-Zybo Z7-210351AF2517A-13722093-0"}' command is executed.
22:21:34 INFO  : Device configured successfully with "C:/Users/alex_/OneDrive/Documents/520_Lab/ECE_Lab11_part1/software/lwip_1/webserver/_ide/bitstream/webserver_fw_wrapper.bit"
22:21:34 INFO  : Context for 'APU' is selected.
22:21:34 INFO  : Hardware design and registers information is loaded from 'C:/Users/alex_/OneDrive/Documents/520_Lab/ECE_Lab11_part1/software/lwip_1/webserver_fw_wrapper/export/webserver_fw_wrapper/hw/webserver_fw_wrapper.xsa'.
22:21:34 INFO  : 'configparams force-mem-access 1' command is executed.
22:21:34 INFO  : Context for 'APU' is selected.
22:21:34 INFO  : Sourcing of 'C:/Users/alex_/OneDrive/Documents/520_Lab/ECE_Lab11_part1/software/lwip_1/webserver/_ide/psinit/ps7_init.tcl' is done.
22:21:36 INFO  : 'ps7_init' command is executed.
22:21:36 INFO  : 'ps7_post_config' command is executed.
22:21:36 INFO  : Context for processor 'ps7_cortexa9_0' is selected.
22:21:37 INFO  : The application 'C:/Users/alex_/OneDrive/Documents/520_Lab/ECE_Lab11_part1/software/lwip_1/webserver/Debug/webserver.elf' is downloaded to processor 'ps7_cortexa9_0'.
22:21:37 INFO  : 'configparams force-mem-access 0' command is executed.
22:21:37 INFO  : ----------------XSDB Script----------------
connect -url tcp:127.0.0.1:3121
targets -set -nocase -filter {name =~"APU*"}
rst -system
after 3000
targets -set -filter {jtag_cable_name =~ "Digilent Zybo Z7 210351AF2517A" && level==0 && jtag_device_ctx=="jsn-Zybo Z7-210351AF2517A-13722093-0"}
fpga -file C:/Users/alex_/OneDrive/Documents/520_Lab/ECE_Lab11_part1/software/lwip_1/webserver/_ide/bitstream/webserver_fw_wrapper.bit
targets -set -nocase -filter {name =~"APU*"}
loadhw -hw C:/Users/alex_/OneDrive/Documents/520_Lab/ECE_Lab11_part1/software/lwip_1/webserver_fw_wrapper/export/webserver_fw_wrapper/hw/webserver_fw_wrapper.xsa -mem-ranges [list {0x40000000 0xbfffffff}] -regs
configparams force-mem-access 1
targets -set -nocase -filter {name =~"APU*"}
source C:/Users/alex_/OneDrive/Documents/520_Lab/ECE_Lab11_part1/software/lwip_1/webserver/_ide/psinit/ps7_init.tcl
ps7_init
ps7_post_config
targets -set -nocase -filter {name =~ "*A9*#0"}
dow C:/Users/alex_/OneDrive/Documents/520_Lab/ECE_Lab11_part1/software/lwip_1/webserver/Debug/webserver.elf
configparams force-mem-access 0
----------------End of Script----------------

22:22:19 INFO  : Checking for BSP changes to sync application flags for project 'webserver'...
22:22:56 INFO  : Disconnected from the channel tcfchan#3.
22:22:58 INFO  : Connected to target on host '127.0.0.1' and port '3121'.
22:22:58 INFO  : Jtag cable 'Digilent Zybo Z7 210351AF2517A' is selected.
22:22:58 INFO  : 'jtag frequency' command is executed.
22:22:58 INFO  : Context for 'APU' is selected.
22:22:58 INFO  : System reset is completed.
22:23:01 INFO  : 'after 3000' command is executed.
22:23:01 INFO  : 'targets -set -filter {jtag_cable_name =~ "Digilent Zybo Z7 210351AF2517A" && level==0 && jtag_device_ctx=="jsn-Zybo Z7-210351AF2517A-13722093-0"}' command is executed.
22:23:02 INFO  : Device configured successfully with "C:/Users/alex_/OneDrive/Documents/520_Lab/ECE_Lab11_part1/software/lwip_1/webserver/_ide/bitstream/webserver_fw_wrapper.bit"
22:23:02 INFO  : Context for 'APU' is selected.
22:23:02 INFO  : Hardware design and registers information is loaded from 'C:/Users/alex_/OneDrive/Documents/520_Lab/ECE_Lab11_part1/software/lwip_1/webserver_fw_wrapper/export/webserver_fw_wrapper/hw/webserver_fw_wrapper.xsa'.
22:23:02 INFO  : 'configparams force-mem-access 1' command is executed.
22:23:03 INFO  : Context for 'APU' is selected.
22:23:03 INFO  : Sourcing of 'C:/Users/alex_/OneDrive/Documents/520_Lab/ECE_Lab11_part1/software/lwip_1/webserver/_ide/psinit/ps7_init.tcl' is done.
22:23:04 INFO  : 'ps7_init' command is executed.
22:23:04 INFO  : 'ps7_post_config' command is executed.
22:23:04 INFO  : Context for processor 'ps7_cortexa9_0' is selected.
22:23:05 INFO  : The application 'C:/Users/alex_/OneDrive/Documents/520_Lab/ECE_Lab11_part1/software/lwip_1/webserver/Debug/webserver.elf' is downloaded to processor 'ps7_cortexa9_0'.
22:23:05 INFO  : 'configparams force-mem-access 0' command is executed.
22:23:05 INFO  : ----------------XSDB Script----------------
connect -url tcp:127.0.0.1:3121
targets -set -nocase -filter {name =~"APU*"}
rst -system
after 3000
targets -set -filter {jtag_cable_name =~ "Digilent Zybo Z7 210351AF2517A" && level==0 && jtag_device_ctx=="jsn-Zybo Z7-210351AF2517A-13722093-0"}
fpga -file C:/Users/alex_/OneDrive/Documents/520_Lab/ECE_Lab11_part1/software/lwip_1/webserver/_ide/bitstream/webserver_fw_wrapper.bit
targets -set -nocase -filter {name =~"APU*"}
loadhw -hw C:/Users/alex_/OneDrive/Documents/520_Lab/ECE_Lab11_part1/software/lwip_1/webserver_fw_wrapper/export/webserver_fw_wrapper/hw/webserver_fw_wrapper.xsa -mem-ranges [list {0x40000000 0xbfffffff}] -regs
configparams force-mem-access 1
targets -set -nocase -filter {name =~"APU*"}
source C:/Users/alex_/OneDrive/Documents/520_Lab/ECE_Lab11_part1/software/lwip_1/webserver/_ide/psinit/ps7_init.tcl
ps7_init
ps7_post_config
targets -set -nocase -filter {name =~ "*A9*#0"}
dow C:/Users/alex_/OneDrive/Documents/520_Lab/ECE_Lab11_part1/software/lwip_1/webserver/Debug/webserver.elf
configparams force-mem-access 0
----------------End of Script----------------

22:23:05 INFO  : Context for processor 'ps7_cortexa9_0' is selected.
22:23:05 INFO  : 'con' command is executed.
22:23:05 INFO  : ----------------XSDB Script (After Launch)----------------
targets -set -nocase -filter {name =~ "*A9*#0"}
con
----------------End of Script----------------

22:23:05 INFO  : Disconnected from the channel tcfchan#4.
00:27:48 INFO  : Checking for BSP changes to sync application flags for project 'webserver'...
00:28:05 INFO  : Connected to target on host '127.0.0.1' and port '3121'.
00:28:05 INFO  : Jtag cable 'Digilent Zybo Z7 210351AF2517A' is selected.
00:28:05 INFO  : 'jtag frequency' command is executed.
00:28:05 INFO  : Context for 'APU' is selected.
00:28:05 INFO  : System reset is completed.
00:28:08 INFO  : 'after 3000' command is executed.
00:28:09 INFO  : 'targets -set -filter {jtag_cable_name =~ "Digilent Zybo Z7 210351AF2517A" && level==0 && jtag_device_ctx=="jsn-Zybo Z7-210351AF2517A-13722093-0"}' command is executed.
00:28:10 INFO  : Device configured successfully with "C:/Users/alex_/OneDrive/Documents/520_Lab/ECE_Lab11_part1/software/lwip_1/webserver/_ide/bitstream/webserver_fw_wrapper.bit"
00:28:10 INFO  : Context for 'APU' is selected.
00:28:10 INFO  : Hardware design and registers information is loaded from 'C:/Users/alex_/OneDrive/Documents/520_Lab/ECE_Lab11_part1/software/lwip_1/webserver_fw_wrapper/export/webserver_fw_wrapper/hw/webserver_fw_wrapper.xsa'.
00:28:10 INFO  : 'configparams force-mem-access 1' command is executed.
00:28:10 INFO  : Context for 'APU' is selected.
00:28:10 INFO  : Sourcing of 'C:/Users/alex_/OneDrive/Documents/520_Lab/ECE_Lab11_part1/software/lwip_1/webserver/_ide/psinit/ps7_init.tcl' is done.
00:28:12 INFO  : 'ps7_init' command is executed.
00:28:12 INFO  : 'ps7_post_config' command is executed.
00:28:12 INFO  : Context for processor 'ps7_cortexa9_0' is selected.
00:28:12 INFO  : The application 'C:/Users/alex_/OneDrive/Documents/520_Lab/ECE_Lab11_part1/software/lwip_1/webserver/Debug/webserver.elf' is downloaded to processor 'ps7_cortexa9_0'.
00:28:13 INFO  : 'configparams force-mem-access 0' command is executed.
00:28:13 INFO  : ----------------XSDB Script----------------
connect -url tcp:127.0.0.1:3121
targets -set -nocase -filter {name =~"APU*"}
rst -system
after 3000
targets -set -filter {jtag_cable_name =~ "Digilent Zybo Z7 210351AF2517A" && level==0 && jtag_device_ctx=="jsn-Zybo Z7-210351AF2517A-13722093-0"}
fpga -file C:/Users/alex_/OneDrive/Documents/520_Lab/ECE_Lab11_part1/software/lwip_1/webserver/_ide/bitstream/webserver_fw_wrapper.bit
targets -set -nocase -filter {name =~"APU*"}
loadhw -hw C:/Users/alex_/OneDrive/Documents/520_Lab/ECE_Lab11_part1/software/lwip_1/webserver_fw_wrapper/export/webserver_fw_wrapper/hw/webserver_fw_wrapper.xsa -mem-ranges [list {0x40000000 0xbfffffff}] -regs
configparams force-mem-access 1
targets -set -nocase -filter {name =~"APU*"}
source C:/Users/alex_/OneDrive/Documents/520_Lab/ECE_Lab11_part1/software/lwip_1/webserver/_ide/psinit/ps7_init.tcl
ps7_init
ps7_post_config
targets -set -nocase -filter {name =~ "*A9*#0"}
dow C:/Users/alex_/OneDrive/Documents/520_Lab/ECE_Lab11_part1/software/lwip_1/webserver/Debug/webserver.elf
configparams force-mem-access 0
----------------End of Script----------------

00:28:13 INFO  : Context for processor 'ps7_cortexa9_0' is selected.
00:28:13 INFO  : 'con' command is executed.
00:28:13 INFO  : ----------------XSDB Script (After Launch)----------------
targets -set -nocase -filter {name =~ "*A9*#0"}
con
----------------End of Script----------------

00:28:13 INFO  : Disconnected from the channel tcfchan#5.
00:28:20 INFO  : Connected to target on host '127.0.0.1' and port '3121'.
00:28:21 INFO  : Jtag cable 'Digilent Zybo Z7 210351AF2517A' is selected.
00:28:21 INFO  : 'jtag frequency' command is executed.
00:28:21 INFO  : Context for 'APU' is selected.
00:28:21 INFO  : System reset is completed.
00:28:24 INFO  : 'after 3000' command is executed.
00:28:24 INFO  : 'targets -set -filter {jtag_cable_name =~ "Digilent Zybo Z7 210351AF2517A" && level==0 && jtag_device_ctx=="jsn-Zybo Z7-210351AF2517A-13722093-0"}' command is executed.
00:28:25 INFO  : Device configured successfully with "C:/Users/alex_/OneDrive/Documents/520_Lab/ECE_Lab11_part1/software/lwip_1/webserver/_ide/bitstream/webserver_fw_wrapper.bit"
00:28:25 INFO  : Context for 'APU' is selected.
00:28:25 INFO  : Hardware design and registers information is loaded from 'C:/Users/alex_/OneDrive/Documents/520_Lab/ECE_Lab11_part1/software/lwip_1/webserver_fw_wrapper/export/webserver_fw_wrapper/hw/webserver_fw_wrapper.xsa'.
00:28:25 INFO  : 'configparams force-mem-access 1' command is executed.
00:28:25 INFO  : Context for 'APU' is selected.
00:28:25 INFO  : Sourcing of 'C:/Users/alex_/OneDrive/Documents/520_Lab/ECE_Lab11_part1/software/lwip_1/webserver/_ide/psinit/ps7_init.tcl' is done.
00:28:27 INFO  : 'ps7_init' command is executed.
00:28:27 INFO  : 'ps7_post_config' command is executed.
00:28:27 INFO  : Context for processor 'ps7_cortexa9_0' is selected.
00:28:28 INFO  : The application 'C:/Users/alex_/OneDrive/Documents/520_Lab/ECE_Lab11_part1/software/lwip_1/webserver/Debug/webserver.elf' is downloaded to processor 'ps7_cortexa9_0'.
00:28:28 INFO  : 'configparams force-mem-access 0' command is executed.
00:28:28 INFO  : ----------------XSDB Script----------------
connect -url tcp:127.0.0.1:3121
targets -set -nocase -filter {name =~"APU*"}
rst -system
after 3000
targets -set -filter {jtag_cable_name =~ "Digilent Zybo Z7 210351AF2517A" && level==0 && jtag_device_ctx=="jsn-Zybo Z7-210351AF2517A-13722093-0"}
fpga -file C:/Users/alex_/OneDrive/Documents/520_Lab/ECE_Lab11_part1/software/lwip_1/webserver/_ide/bitstream/webserver_fw_wrapper.bit
targets -set -nocase -filter {name =~"APU*"}
loadhw -hw C:/Users/alex_/OneDrive/Documents/520_Lab/ECE_Lab11_part1/software/lwip_1/webserver_fw_wrapper/export/webserver_fw_wrapper/hw/webserver_fw_wrapper.xsa -mem-ranges [list {0x40000000 0xbfffffff}] -regs
configparams force-mem-access 1
targets -set -nocase -filter {name =~"APU*"}
source C:/Users/alex_/OneDrive/Documents/520_Lab/ECE_Lab11_part1/software/lwip_1/webserver/_ide/psinit/ps7_init.tcl
ps7_init
ps7_post_config
targets -set -nocase -filter {name =~ "*A9*#0"}
dow C:/Users/alex_/OneDrive/Documents/520_Lab/ECE_Lab11_part1/software/lwip_1/webserver/Debug/webserver.elf
configparams force-mem-access 0
----------------End of Script----------------

00:28:28 INFO  : Context for processor 'ps7_cortexa9_0' is selected.
00:28:28 INFO  : 'con' command is executed.
00:28:28 INFO  : ----------------XSDB Script (After Launch)----------------
targets -set -nocase -filter {name =~ "*A9*#0"}
con
----------------End of Script----------------

00:28:28 INFO  : Disconnected from the channel tcfchan#6.
00:30:22 INFO  : Connected to target on host '127.0.0.1' and port '3121'.
00:30:22 INFO  : Jtag cable 'Digilent Zybo Z7 210351AF2517A' is selected.
00:30:22 INFO  : 'jtag frequency' command is executed.
00:30:22 INFO  : Context for 'APU' is selected.
00:30:22 INFO  : System reset is completed.
00:30:25 INFO  : 'after 3000' command is executed.
00:30:25 INFO  : 'targets -set -filter {jtag_cable_name =~ "Digilent Zybo Z7 210351AF2517A" && level==0 && jtag_device_ctx=="jsn-Zybo Z7-210351AF2517A-13722093-0"}' command is executed.
00:30:27 INFO  : Device configured successfully with "C:/Users/alex_/OneDrive/Documents/520_Lab/ECE_Lab11_part1/software/lwip_1/webserver/_ide/bitstream/webserver_fw_wrapper.bit"
00:30:27 INFO  : Context for 'APU' is selected.
00:30:27 INFO  : Hardware design and registers information is loaded from 'C:/Users/alex_/OneDrive/Documents/520_Lab/ECE_Lab11_part1/software/lwip_1/webserver_fw_wrapper/export/webserver_fw_wrapper/hw/webserver_fw_wrapper.xsa'.
00:30:27 INFO  : 'configparams force-mem-access 1' command is executed.
00:30:27 INFO  : Context for 'APU' is selected.
00:30:27 INFO  : Sourcing of 'C:/Users/alex_/OneDrive/Documents/520_Lab/ECE_Lab11_part1/software/lwip_1/webserver/_ide/psinit/ps7_init.tcl' is done.
00:30:28 INFO  : 'ps7_init' command is executed.
00:30:28 INFO  : 'ps7_post_config' command is executed.
00:30:29 INFO  : Context for processor 'ps7_cortexa9_0' is selected.
00:30:29 INFO  : The application 'C:/Users/alex_/OneDrive/Documents/520_Lab/ECE_Lab11_part1/software/lwip_1/webserver/Debug/webserver.elf' is downloaded to processor 'ps7_cortexa9_0'.
00:30:29 INFO  : 'configparams force-mem-access 0' command is executed.
00:30:29 INFO  : ----------------XSDB Script----------------
connect -url tcp:127.0.0.1:3121
targets -set -nocase -filter {name =~"APU*"}
rst -system
after 3000
targets -set -filter {jtag_cable_name =~ "Digilent Zybo Z7 210351AF2517A" && level==0 && jtag_device_ctx=="jsn-Zybo Z7-210351AF2517A-13722093-0"}
fpga -file C:/Users/alex_/OneDrive/Documents/520_Lab/ECE_Lab11_part1/software/lwip_1/webserver/_ide/bitstream/webserver_fw_wrapper.bit
targets -set -nocase -filter {name =~"APU*"}
loadhw -hw C:/Users/alex_/OneDrive/Documents/520_Lab/ECE_Lab11_part1/software/lwip_1/webserver_fw_wrapper/export/webserver_fw_wrapper/hw/webserver_fw_wrapper.xsa -mem-ranges [list {0x40000000 0xbfffffff}] -regs
configparams force-mem-access 1
targets -set -nocase -filter {name =~"APU*"}
source C:/Users/alex_/OneDrive/Documents/520_Lab/ECE_Lab11_part1/software/lwip_1/webserver/_ide/psinit/ps7_init.tcl
ps7_init
ps7_post_config
targets -set -nocase -filter {name =~ "*A9*#0"}
dow C:/Users/alex_/OneDrive/Documents/520_Lab/ECE_Lab11_part1/software/lwip_1/webserver/Debug/webserver.elf
configparams force-mem-access 0
----------------End of Script----------------

00:30:29 INFO  : Context for processor 'ps7_cortexa9_0' is selected.
00:30:30 INFO  : 'con' command is executed.
00:30:30 INFO  : ----------------XSDB Script (After Launch)----------------
targets -set -nocase -filter {name =~ "*A9*#0"}
con
----------------End of Script----------------

00:30:30 INFO  : Disconnected from the channel tcfchan#7.
00:31:44 INFO  : Connected to target on host '127.0.0.1' and port '3121'.
00:31:44 INFO  : Jtag cable 'Digilent Zybo Z7 210351AF2517A' is selected.
00:31:44 INFO  : 'jtag frequency' command is executed.
00:31:44 INFO  : Context for 'APU' is selected.
00:31:45 INFO  : System reset is completed.
00:31:48 INFO  : 'after 3000' command is executed.
00:31:48 INFO  : 'targets -set -filter {jtag_cable_name =~ "Digilent Zybo Z7 210351AF2517A" && level==0 && jtag_device_ctx=="jsn-Zybo Z7-210351AF2517A-13722093-0"}' command is executed.
00:31:49 INFO  : Device configured successfully with "C:/Users/alex_/OneDrive/Documents/520_Lab/ECE_Lab11_part1/software/lwip_1/webserver/_ide/bitstream/webserver_fw_wrapper.bit"
00:31:49 INFO  : Context for 'APU' is selected.
00:31:49 INFO  : Hardware design and registers information is loaded from 'C:/Users/alex_/OneDrive/Documents/520_Lab/ECE_Lab11_part1/software/lwip_1/webserver_fw_wrapper/export/webserver_fw_wrapper/hw/webserver_fw_wrapper.xsa'.
00:31:49 INFO  : 'configparams force-mem-access 1' command is executed.
00:31:49 INFO  : Context for 'APU' is selected.
00:31:49 INFO  : Sourcing of 'C:/Users/alex_/OneDrive/Documents/520_Lab/ECE_Lab11_part1/software/lwip_1/webserver/_ide/psinit/ps7_init.tcl' is done.
00:31:53 INFO  : 'ps7_init' command is executed.
00:31:53 INFO  : 'ps7_post_config' command is executed.
00:31:53 INFO  : Context for processor 'ps7_cortexa9_0' is selected.
00:31:53 INFO  : The application 'C:/Users/alex_/OneDrive/Documents/520_Lab/ECE_Lab11_part1/software/lwip_1/webserver/Debug/webserver.elf' is downloaded to processor 'ps7_cortexa9_0'.
00:31:54 INFO  : 'configparams force-mem-access 0' command is executed.
00:31:54 INFO  : ----------------XSDB Script----------------
connect -url tcp:127.0.0.1:3121
targets -set -nocase -filter {name =~"APU*"}
rst -system
after 3000
targets -set -filter {jtag_cable_name =~ "Digilent Zybo Z7 210351AF2517A" && level==0 && jtag_device_ctx=="jsn-Zybo Z7-210351AF2517A-13722093-0"}
fpga -file C:/Users/alex_/OneDrive/Documents/520_Lab/ECE_Lab11_part1/software/lwip_1/webserver/_ide/bitstream/webserver_fw_wrapper.bit
targets -set -nocase -filter {name =~"APU*"}
loadhw -hw C:/Users/alex_/OneDrive/Documents/520_Lab/ECE_Lab11_part1/software/lwip_1/webserver_fw_wrapper/export/webserver_fw_wrapper/hw/webserver_fw_wrapper.xsa -mem-ranges [list {0x40000000 0xbfffffff}] -regs
configparams force-mem-access 1
targets -set -nocase -filter {name =~"APU*"}
source C:/Users/alex_/OneDrive/Documents/520_Lab/ECE_Lab11_part1/software/lwip_1/webserver/_ide/psinit/ps7_init.tcl
ps7_init
ps7_post_config
targets -set -nocase -filter {name =~ "*A9*#0"}
dow C:/Users/alex_/OneDrive/Documents/520_Lab/ECE_Lab11_part1/software/lwip_1/webserver/Debug/webserver.elf
configparams force-mem-access 0
----------------End of Script----------------

00:31:54 INFO  : Context for processor 'ps7_cortexa9_0' is selected.
00:31:54 INFO  : 'con' command is executed.
00:31:54 INFO  : ----------------XSDB Script (After Launch)----------------
targets -set -nocase -filter {name =~ "*A9*#0"}
con
----------------End of Script----------------

00:31:54 INFO  : Disconnected from the channel tcfchan#8.
11:25:02 INFO  : Launching XSCT server: xsct.bat -n  -interactive C:\Users\alex_\OneDrive\Documents\520_Lab\ECE_Lab11_part1\software\lwip_1\temp_xsdb_launch_script.tcl
11:25:06 INFO  : XSCT server has started successfully.
11:25:06 INFO  : plnx-install-location is set to ''
11:25:06 INFO  : Successfully done setting XSCT server connection channel  
11:25:06 INFO  : Successfully done setting workspace for the tool. 
11:25:27 INFO  : Registering command handlers for Vitis TCF services
11:25:27 INFO  : Platform repository initialization has completed.
11:25:32 INFO  : Successfully done query RDI_DATADIR 
11:26:07 INFO  : Checking for BSP changes to sync application flags for project 'webserver'...
11:26:28 INFO  : Connected to target on host '127.0.0.1' and port '3121'.
11:26:30 INFO  : Jtag cable 'Digilent Zybo Z7 210351AF2517A' is selected.
11:26:31 INFO  : 'jtag frequency' command is executed.
11:26:31 INFO  : Context for 'APU' is selected.
11:26:32 INFO  : System reset is completed.
11:26:35 INFO  : 'after 3000' command is executed.
11:26:35 INFO  : 'targets -set -filter {jtag_cable_name =~ "Digilent Zybo Z7 210351AF2517A" && level==0 && jtag_device_ctx=="jsn-Zybo Z7-210351AF2517A-13722093-0"}' command is executed.
11:26:36 INFO  : Device configured successfully with "C:/Users/alex_/OneDrive/Documents/520_Lab/ECE_Lab11_part1/software/lwip_1/webserver/_ide/bitstream/webserver_fw_wrapper.bit"
11:26:36 INFO  : Context for 'APU' is selected.
11:26:36 INFO  : Hardware design and registers information is loaded from 'C:/Users/alex_/OneDrive/Documents/520_Lab/ECE_Lab11_part1/software/lwip_1/webserver_fw_wrapper/export/webserver_fw_wrapper/hw/webserver_fw_wrapper.xsa'.
11:26:38 INFO  : 'configparams force-mem-access 1' command is executed.
11:26:38 INFO  : Context for 'APU' is selected.
11:26:38 INFO  : Sourcing of 'C:/Users/alex_/OneDrive/Documents/520_Lab/ECE_Lab11_part1/software/lwip_1/webserver/_ide/psinit/ps7_init.tcl' is done.
11:26:59 INFO  : 'ps7_init' command is executed.
11:27:01 INFO  : 'ps7_post_config' command is executed.
11:27:01 INFO  : Context for processor 'ps7_cortexa9_0' is selected.
11:27:04 INFO  : The application 'C:/Users/alex_/OneDrive/Documents/520_Lab/ECE_Lab11_part1/software/lwip_1/webserver/Debug/webserver.elf' is downloaded to processor 'ps7_cortexa9_0'.
11:27:06 INFO  : 'configparams force-mem-access 0' command is executed.
11:27:06 INFO  : ----------------XSDB Script----------------
connect -url tcp:127.0.0.1:3121
targets -set -nocase -filter {name =~"APU*"}
rst -system
after 3000
targets -set -filter {jtag_cable_name =~ "Digilent Zybo Z7 210351AF2517A" && level==0 && jtag_device_ctx=="jsn-Zybo Z7-210351AF2517A-13722093-0"}
fpga -file C:/Users/alex_/OneDrive/Documents/520_Lab/ECE_Lab11_part1/software/lwip_1/webserver/_ide/bitstream/webserver_fw_wrapper.bit
targets -set -nocase -filter {name =~"APU*"}
loadhw -hw C:/Users/alex_/OneDrive/Documents/520_Lab/ECE_Lab11_part1/software/lwip_1/webserver_fw_wrapper/export/webserver_fw_wrapper/hw/webserver_fw_wrapper.xsa -mem-ranges [list {0x40000000 0xbfffffff}] -regs
configparams force-mem-access 1
targets -set -nocase -filter {name =~"APU*"}
source C:/Users/alex_/OneDrive/Documents/520_Lab/ECE_Lab11_part1/software/lwip_1/webserver/_ide/psinit/ps7_init.tcl
ps7_init
ps7_post_config
targets -set -nocase -filter {name =~ "*A9*#0"}
dow C:/Users/alex_/OneDrive/Documents/520_Lab/ECE_Lab11_part1/software/lwip_1/webserver/Debug/webserver.elf
configparams force-mem-access 0
----------------End of Script----------------

11:27:08 INFO  : Context for processor 'ps7_cortexa9_0' is selected.
11:27:09 INFO  : 'con' command is executed.
11:27:09 INFO  : ----------------XSDB Script (After Launch)----------------
targets -set -nocase -filter {name =~ "*A9*#0"}
con
----------------End of Script----------------

11:27:09 INFO  : Disconnected from the channel tcfchan#1.
11:47:13 INFO  : Launching XSCT server: xsct.bat -n  -interactive C:\Users\alex_\OneDrive\Documents\520_Lab\ECE_Lab11_part1\software\lwip_1\temp_xsdb_launch_script.tcl
11:47:17 INFO  : XSCT server has started successfully.
11:47:17 INFO  : Successfully done setting XSCT server connection channel  
11:47:17 INFO  : plnx-install-location is set to ''
11:47:17 INFO  : Successfully done setting workspace for the tool. 
11:47:30 INFO  : Checking for BSP changes to sync application flags for project 'webserver'...
11:47:30 ERROR : Failed to get platform details for the project 'webserver'. Cannot sync application flags.
11:47:39 INFO  : Platform repository initialization has completed.
11:47:40 INFO  : Successfully done query RDI_DATADIR 
11:47:40 INFO  : Registering command handlers for Vitis TCF services
11:47:45 INFO  : Checking for BSP changes to sync application flags for project 'webserver'...
11:48:13 INFO  : Connected to target on host '127.0.0.1' and port '3121'.
11:48:15 INFO  : Jtag cable 'Digilent Zybo Z7 210351AF2517A' is selected.
11:48:17 INFO  : 'jtag frequency' command is executed.
11:48:17 INFO  : Context for 'APU' is selected.
11:48:17 INFO  : System reset is completed.
11:48:20 INFO  : 'after 3000' command is executed.
11:48:20 INFO  : 'targets -set -filter {jtag_cable_name =~ "Digilent Zybo Z7 210351AF2517A" && level==0 && jtag_device_ctx=="jsn-Zybo Z7-210351AF2517A-13722093-0"}' command is executed.
11:48:21 INFO  : Device configured successfully with "C:/Users/alex_/OneDrive/Documents/520_Lab/ECE_Lab11_part1/software/lwip_1/webserver/_ide/bitstream/webserver_fw_wrapper.bit"
11:48:21 INFO  : Context for 'APU' is selected.
11:48:23 INFO  : Hardware design and registers information is loaded from 'C:/Users/alex_/OneDrive/Documents/520_Lab/ECE_Lab11_part1/software/lwip_1/webserver_fw_wrapper/export/webserver_fw_wrapper/hw/webserver_fw_wrapper.xsa'.
11:48:23 INFO  : 'configparams force-mem-access 1' command is executed.
11:48:23 INFO  : Context for 'APU' is selected.
11:48:23 INFO  : Sourcing of 'C:/Users/alex_/OneDrive/Documents/520_Lab/ECE_Lab11_part1/software/lwip_1/webserver/_ide/psinit/ps7_init.tcl' is done.
11:48:36 INFO  : 'ps7_init' command is executed.
11:48:38 INFO  : 'ps7_post_config' command is executed.
11:48:38 INFO  : Context for processor 'ps7_cortexa9_0' is selected.
11:48:41 INFO  : The application 'C:/Users/alex_/OneDrive/Documents/520_Lab/ECE_Lab11_part1/software/lwip_1/webserver/Debug/webserver.elf' is downloaded to processor 'ps7_cortexa9_0'.
11:48:41 INFO  : 'configparams force-mem-access 0' command is executed.
11:48:41 INFO  : ----------------XSDB Script----------------
connect -url tcp:127.0.0.1:3121
targets -set -nocase -filter {name =~"APU*"}
rst -system
after 3000
targets -set -filter {jtag_cable_name =~ "Digilent Zybo Z7 210351AF2517A" && level==0 && jtag_device_ctx=="jsn-Zybo Z7-210351AF2517A-13722093-0"}
fpga -file C:/Users/alex_/OneDrive/Documents/520_Lab/ECE_Lab11_part1/software/lwip_1/webserver/_ide/bitstream/webserver_fw_wrapper.bit
targets -set -nocase -filter {name =~"APU*"}
loadhw -hw C:/Users/alex_/OneDrive/Documents/520_Lab/ECE_Lab11_part1/software/lwip_1/webserver_fw_wrapper/export/webserver_fw_wrapper/hw/webserver_fw_wrapper.xsa -mem-ranges [list {0x40000000 0xbfffffff}] -regs
configparams force-mem-access 1
targets -set -nocase -filter {name =~"APU*"}
source C:/Users/alex_/OneDrive/Documents/520_Lab/ECE_Lab11_part1/software/lwip_1/webserver/_ide/psinit/ps7_init.tcl
ps7_init
ps7_post_config
targets -set -nocase -filter {name =~ "*A9*#0"}
dow C:/Users/alex_/OneDrive/Documents/520_Lab/ECE_Lab11_part1/software/lwip_1/webserver/Debug/webserver.elf
configparams force-mem-access 0
----------------End of Script----------------

11:48:43 INFO  : Context for processor 'ps7_cortexa9_0' is selected.
11:48:45 INFO  : 'con' command is executed.
11:48:45 INFO  : ----------------XSDB Script (After Launch)----------------
targets -set -nocase -filter {name =~ "*A9*#0"}
con
----------------End of Script----------------

11:48:45 INFO  : Disconnected from the channel tcfchan#1.
13:28:41 INFO  : Launching XSCT server: xsct.bat -n  -interactive C:\Users\alex_\OneDrive\Documents\520_Lab\ECE_Lab11_part1\software\lwip_1\temp_xsdb_launch_script.tcl
13:28:48 INFO  : XSCT server has started successfully.
13:28:48 INFO  : Successfully done setting XSCT server connection channel  
13:28:48 INFO  : plnx-install-location is set to ''
13:28:48 INFO  : Successfully done setting workspace for the tool. 
13:29:09 INFO  : Registering command handlers for Vitis TCF services
13:29:09 INFO  : Platform repository initialization has completed.
13:29:10 INFO  : Successfully done query RDI_DATADIR 
13:30:33 INFO  : Launching XSCT server: xsct.bat -n  -interactive C:\Users\alex_\OneDrive\Documents\520_Lab\ECE_Lab11_part1\software\lwip_1\temp_xsdb_launch_script.tcl
13:30:39 INFO  : XSCT server has started successfully.
13:30:39 INFO  : plnx-install-location is set to ''
13:30:39 INFO  : Successfully done setting XSCT server connection channel  
13:30:40 INFO  : Successfully done setting workspace for the tool. 
13:31:01 INFO  : Registering command handlers for Vitis TCF services
13:31:01 INFO  : Platform repository initialization has completed.
13:31:02 INFO  : Successfully done query RDI_DATADIR 
13:33:49 INFO  : Launching XSCT server: xsct.bat -n  -interactive C:\Users\alex_\OneDrive\Documents\520_Lab\ECE_Lab11_part1\software\lwip_1\temp_xsdb_launch_script.tcl
13:33:54 INFO  : XSCT server has started successfully.
13:33:54 INFO  : plnx-install-location is set to ''
13:33:54 INFO  : Successfully done setting XSCT server connection channel  
13:33:54 INFO  : Successfully done setting workspace for the tool. 
13:34:16 INFO  : Registering command handlers for Vitis TCF services
13:34:16 INFO  : Platform repository initialization has completed.
13:34:16 INFO  : Successfully done query RDI_DATADIR 
19:11:15 INFO  : Launching XSCT server: xsct.bat -n  -interactive C:\Users\alex_\OneDrive\Documents\520_Lab\ECE_Lab11_part1\software\lwip_1\temp_xsdb_launch_script.tcl
19:11:20 INFO  : XSCT server has started successfully.
19:11:20 INFO  : plnx-install-location is set to ''
19:11:20 INFO  : Successfully done setting XSCT server connection channel  
19:11:20 INFO  : Successfully done setting workspace for the tool. 
19:11:20 INFO  : Registering command handlers for Vitis TCF services
19:11:21 INFO  : Platform repository initialization has completed.
19:11:21 INFO  : Successfully done query RDI_DATADIR 
19:11:57 INFO  : Result from executing command 'getProjects': webserver_fw_wrapper
19:11:57 INFO  : Result from executing command 'getPlatforms': webserver_fw_wrapper|C:/Users/alex_/OneDrive/Documents/520_Lab/ECE_Lab11_part1/software/lwip_1/webserver_fw_wrapper/export/webserver_fw_wrapper/webserver_fw_wrapper.xpfm
19:11:58 INFO  : Checking for BSP changes to sync application flags for project 'webserver'...
19:12:16 INFO  : Connected to target on host '127.0.0.1' and port '3121'.
19:12:16 INFO  : Jtag cable 'Digilent Zybo Z7 210351AF2517A' is selected.
19:12:16 INFO  : 'jtag frequency' command is executed.
19:12:16 INFO  : Context for 'APU' is selected.
19:12:16 INFO  : System reset is completed.
19:12:19 INFO  : 'after 3000' command is executed.
19:12:20 INFO  : 'targets -set -filter {jtag_cable_name =~ "Digilent Zybo Z7 210351AF2517A" && level==0 && jtag_device_ctx=="jsn-Zybo Z7-210351AF2517A-13722093-0"}' command is executed.
19:12:21 INFO  : Device configured successfully with "C:/Users/alex_/OneDrive/Documents/520_Lab/ECE_Lab11_part1/software/lwip_1/webserver/_ide/bitstream/webserver_fw_wrapper.bit"
19:12:21 INFO  : Context for 'APU' is selected.
19:12:21 INFO  : Hardware design and registers information is loaded from 'C:/Users/alex_/OneDrive/Documents/520_Lab/ECE_Lab11_part1/software/lwip_1/webserver_fw_wrapper/export/webserver_fw_wrapper/hw/webserver_fw_wrapper.xsa'.
19:12:21 INFO  : 'configparams force-mem-access 1' command is executed.
19:12:21 INFO  : Context for 'APU' is selected.
19:12:21 INFO  : Sourcing of 'C:/Users/alex_/OneDrive/Documents/520_Lab/ECE_Lab11_part1/software/lwip_1/webserver/_ide/psinit/ps7_init.tcl' is done.
19:12:23 INFO  : 'ps7_init' command is executed.
19:12:23 INFO  : 'ps7_post_config' command is executed.
19:12:23 INFO  : Context for processor 'ps7_cortexa9_0' is selected.
19:12:24 INFO  : The application 'C:/Users/alex_/OneDrive/Documents/520_Lab/ECE_Lab11_part1/software/lwip_1/webserver/Debug/webserver.elf' is downloaded to processor 'ps7_cortexa9_0'.
19:12:24 INFO  : 'configparams force-mem-access 0' command is executed.
19:12:24 INFO  : ----------------XSDB Script----------------
connect -url tcp:127.0.0.1:3121
targets -set -nocase -filter {name =~"APU*"}
rst -system
after 3000
targets -set -filter {jtag_cable_name =~ "Digilent Zybo Z7 210351AF2517A" && level==0 && jtag_device_ctx=="jsn-Zybo Z7-210351AF2517A-13722093-0"}
fpga -file C:/Users/alex_/OneDrive/Documents/520_Lab/ECE_Lab11_part1/software/lwip_1/webserver/_ide/bitstream/webserver_fw_wrapper.bit
targets -set -nocase -filter {name =~"APU*"}
loadhw -hw C:/Users/alex_/OneDrive/Documents/520_Lab/ECE_Lab11_part1/software/lwip_1/webserver_fw_wrapper/export/webserver_fw_wrapper/hw/webserver_fw_wrapper.xsa -mem-ranges [list {0x40000000 0xbfffffff}] -regs
configparams force-mem-access 1
targets -set -nocase -filter {name =~"APU*"}
source C:/Users/alex_/OneDrive/Documents/520_Lab/ECE_Lab11_part1/software/lwip_1/webserver/_ide/psinit/ps7_init.tcl
ps7_init
ps7_post_config
targets -set -nocase -filter {name =~ "*A9*#0"}
dow C:/Users/alex_/OneDrive/Documents/520_Lab/ECE_Lab11_part1/software/lwip_1/webserver/Debug/webserver.elf
configparams force-mem-access 0
----------------End of Script----------------

19:12:24 INFO  : Context for processor 'ps7_cortexa9_0' is selected.
19:12:25 INFO  : 'con' command is executed.
19:12:25 INFO  : ----------------XSDB Script (After Launch)----------------
targets -set -nocase -filter {name =~ "*A9*#0"}
con
----------------End of Script----------------

19:12:25 INFO  : Disconnected from the channel tcfchan#2.
19:12:50 INFO  : Connected to target on host '127.0.0.1' and port '3121'.
19:12:50 INFO  : Jtag cable 'Digilent Zybo Z7 210351AF2517A' is selected.
19:12:50 INFO  : 'jtag frequency' command is executed.
19:12:50 INFO  : Context for 'APU' is selected.
19:12:50 INFO  : System reset is completed.
19:12:53 INFO  : 'after 3000' command is executed.
19:12:54 INFO  : 'targets -set -filter {jtag_cable_name =~ "Digilent Zybo Z7 210351AF2517A" && level==0 && jtag_device_ctx=="jsn-Zybo Z7-210351AF2517A-13722093-0"}' command is executed.
19:12:55 INFO  : Device configured successfully with "C:/Users/alex_/OneDrive/Documents/520_Lab/ECE_Lab11_part1/software/lwip_1/webserver/_ide/bitstream/webserver_fw_wrapper.bit"
19:12:55 INFO  : Context for 'APU' is selected.
19:12:55 INFO  : Hardware design and registers information is loaded from 'C:/Users/alex_/OneDrive/Documents/520_Lab/ECE_Lab11_part1/software/lwip_1/webserver_fw_wrapper/export/webserver_fw_wrapper/hw/webserver_fw_wrapper.xsa'.
19:12:55 INFO  : 'configparams force-mem-access 1' command is executed.
19:12:55 INFO  : Context for 'APU' is selected.
19:12:55 INFO  : Sourcing of 'C:/Users/alex_/OneDrive/Documents/520_Lab/ECE_Lab11_part1/software/lwip_1/webserver/_ide/psinit/ps7_init.tcl' is done.
19:12:57 INFO  : 'ps7_init' command is executed.
19:12:57 INFO  : 'ps7_post_config' command is executed.
19:12:57 INFO  : Context for processor 'ps7_cortexa9_0' is selected.
19:12:58 INFO  : The application 'C:/Users/alex_/OneDrive/Documents/520_Lab/ECE_Lab11_part1/software/lwip_1/webserver/Debug/webserver.elf' is downloaded to processor 'ps7_cortexa9_0'.
19:12:58 INFO  : 'configparams force-mem-access 0' command is executed.
19:12:58 INFO  : ----------------XSDB Script----------------
connect -url tcp:127.0.0.1:3121
targets -set -nocase -filter {name =~"APU*"}
rst -system
after 3000
targets -set -filter {jtag_cable_name =~ "Digilent Zybo Z7 210351AF2517A" && level==0 && jtag_device_ctx=="jsn-Zybo Z7-210351AF2517A-13722093-0"}
fpga -file C:/Users/alex_/OneDrive/Documents/520_Lab/ECE_Lab11_part1/software/lwip_1/webserver/_ide/bitstream/webserver_fw_wrapper.bit
targets -set -nocase -filter {name =~"APU*"}
loadhw -hw C:/Users/alex_/OneDrive/Documents/520_Lab/ECE_Lab11_part1/software/lwip_1/webserver_fw_wrapper/export/webserver_fw_wrapper/hw/webserver_fw_wrapper.xsa -mem-ranges [list {0x40000000 0xbfffffff}] -regs
configparams force-mem-access 1
targets -set -nocase -filter {name =~"APU*"}
source C:/Users/alex_/OneDrive/Documents/520_Lab/ECE_Lab11_part1/software/lwip_1/webserver/_ide/psinit/ps7_init.tcl
ps7_init
ps7_post_config
targets -set -nocase -filter {name =~ "*A9*#0"}
dow C:/Users/alex_/OneDrive/Documents/520_Lab/ECE_Lab11_part1/software/lwip_1/webserver/Debug/webserver.elf
configparams force-mem-access 0
----------------End of Script----------------

19:12:58 INFO  : Context for processor 'ps7_cortexa9_0' is selected.
19:12:58 INFO  : 'con' command is executed.
19:12:58 INFO  : ----------------XSDB Script (After Launch)----------------
targets -set -nocase -filter {name =~ "*A9*#0"}
con
----------------End of Script----------------

19:12:58 INFO  : Disconnected from the channel tcfchan#3.
15:07:56 INFO  : Launching XSCT server: xsct.bat -n  -interactive C:\Users\alex_\OneDrive\Documents\520_Lab\ECE_Lab11_part1\software\lwip_1\temp_xsdb_launch_script.tcl
15:08:03 INFO  : XSCT server has started successfully.
15:08:03 INFO  : Successfully done setting XSCT server connection channel  
15:08:03 INFO  : plnx-install-location is set to ''
15:08:03 INFO  : Successfully done setting workspace for the tool. 
15:08:03 INFO  : Registering command handlers for Vitis TCF services
15:08:03 INFO  : Platform repository initialization has completed.
15:08:08 INFO  : Successfully done query RDI_DATADIR 
